<?xml version="1.0" encoding="UTF-8"?>
<!-- Generated by org.testng.reporters.JUnitReportReporter -->
<testsuite hostname="DESKTOP-09P6R8R" failures="0" tests="4" name="TestingJenkins.TestClass1" time="0.037" errors="0" timestamp="2023-11-17T14:14:19 IST" skipped="0">
  <testcase classname="TestingJenkins.TestClass1" name="jp" time="0.004"/>
  <testcase classname="TestingJenkins.TestClass1" name="ge" time="0.026"/>
  <testcase classname="TestingJenkins.TestClass1" name="po" time="0.004"/>
  <testcase classname="TestingJenkins.TestClass1" name="sl" time="0.003"/>
</testsuite> <!-- TestingJenkins.TestClass1 -->
