<?xml version="1.0" encoding="UTF-8"?>
<!-- Generated by org.testng.reporters.JUnitReportReporter -->
<testsuite hostname="DESKTOP-09P6R8R" failures="0" tests="4" name="TestingJenkins.TestClass2" time="0.016" errors="0" timestamp="2023-11-17T14:14:19 IST" skipped="0">
  <testcase classname="TestingJenkins.TestClass2" name="no" time="0.004"/>
  <testcase classname="TestingJenkins.TestClass2" name="sa" time="0.006"/>
  <testcase classname="TestingJenkins.TestClass2" name="tu" time="0.003"/>
  <testcase classname="TestingJenkins.TestClass2" name="chi" time="0.003"/>
</testsuite> <!-- TestingJenkins.TestClass2 -->
